# JRE version: OpenJDK Runtime Environment (8.0_242-b01) (build 1.8.0_242-release-1644-b01)
# Java VM: OpenJDK 64-Bit Server VM (25.242-b01 mixed mode windows-amd64 compressed oops)
Heap:
 PSYoungGen      total 186880K, used 19473K [0x00000000d5580000, 0x00000000e4680000, 0x0000000100000000)
  eden space 177152K, 5% used [0x00000000d5580000,0x00000000d5f25918,0x00000000e0280000)
  from space 9728K, 98% used [0x00000000e0800000,0x00000000e115edf0,0x00000000e1180000)
  to   space 34816K, 0% used [0x00000000e2480000,0x00000000e2480000,0x00000000e4680000)
 ParOldGen       total 133632K, used 67296K [0x0000000080000000, 0x0000000088280000, 0x00000000d5580000)
  object space 133632K, 50% used [0x0000000080000000,0x00000000841b8260,0x0000000088280000)
 Metaspace       used 92619K, capacity 97434K, committed 97584K, reserved 1134592K
  class space    used 12044K, capacity 12983K, committed 13104K, reserved 1048576K
GC Heap History (10 events):
Event: 12.056 GC heap before
{Heap before GC invocations=16 (full 3):
 PSYoungGen      total 186880K, used 168448K [0x00000000d5580000, 0x00000000e3200000, 0x0000000100000000)
  eden space 168448K, 100% used [0x00000000d5580000,0x00000000dfa00000,0x00000000dfa00000)
  from space 18432K, 0% used [0x00000000e0c00000,0x00000000e0c00000,0x00000000e1e00000)
  to   space 18432K, 0% used [0x00000000dfa00000,0x00000000dfa00000,0x00000000e0c00000)
 ParOldGen       total 133632K, used 29048K [0x0000000080000000, 0x0000000088280000, 0x00000000d5580000)
  object space 133632K, 21% used [0x0000000080000000,0x0000000081c5e328,0x0000000088280000)
 Metaspace       used 62559K, capacity 65776K, committed 65968K, reserved 1105920K
  class space    used 8663K, capacity 9309K, committed 9392K, reserved 1048576K
Event: 12.070 GC heap after
Heap after GC invocations=16 (full 3):
 PSYoungGen      total 186880K, used 18317K [0x00000000d5580000, 0x00000000e4280000, 0x0000000100000000)
  eden space 168448K, 0% used [0x00000000d5580000,0x00000000d5580000,0x00000000dfa00000)
  from space 18432K, 99% used [0x00000000dfa00000,0x00000000e0be3668,0x00000000e0c00000)
  to   space 20992K, 0% used [0x00000000e2e00000,0x00000000e2e00000,0x00000000e4280000)
 ParOldGen       total 133632K, used 29056K [0x0000000080000000, 0x0000000088280000, 0x00000000d5580000)
  object space 133632K, 21% used [0x0000000080000000,0x0000000081c60328,0x0000000088280000)
 Metaspace       used 62559K, capacity 65776K, committed 65968K, reserved 1105920K
  class space    used 8663K, capacity 9309K, committed 9392K, reserved 1048576K
}
Event: 17.654 GC heap before
{Heap before GC invocations=17 (full 3):
 PSYoungGen      total 186880K, used 186765K [0x00000000d5580000, 0x00000000e4280000, 0x0000000100000000)
  eden space 168448K, 100% used [0x00000000d5580000,0x00000000dfa00000,0x00000000dfa00000)
  from space 18432K, 99% used [0x00000000dfa00000,0x00000000e0be3668,0x00000000e0c00000)
  to   space 20992K, 0% used [0x00000000e2e00000,0x00000000e2e00000,0x00000000e4280000)
 ParOldGen       total 133632K, used 29056K [0x0000000080000000, 0x0000000088280000, 0x00000000d5580000)
  object space 133632K, 21% used [0x0000000080000000,0x0000000081c60328,0x0000000088280000)
 Metaspace       used 70619K, capacity 74064K, committed 74288K, reserved 1114112K
  class space    used 9562K, capacity 10261K, committed 10288K, reserved 1048576K
Event: 17.673 GC heap after
Heap after GC invocations=17 (full 3):
 PSYoungGen      total 216576K, used 17280K [0x00000000d5580000, 0x00000000e4200000, 0x0000000100000000)
  eden space 196096K, 0% used [0x00000000d5580000,0x00000000d5580000,0x00000000e1500000)
  from space 20480K, 84% used [0x00000000e2e00000,0x00000000e3ee0140,0x00000000e4200000)
  to   space 23040K, 0% used [0x00000000e1500000,0x00000000e1500000,0x00000000e2b80000)
 ParOldGen       total 133632K, used 29064K [0x0000000080000000, 0x0000000088280000, 0x00000000d5580000)
  object space 133632K, 21% used [0x0000000080000000,0x0000000081c62328,0x0000000088280000)
 Metaspace       used 70619K, capacity 74064K, committed 74288K, reserved 1114112K
  class space    used 9562K, capacity 10261K, committed 10288K, reserved 1048576K
}
Event: 2033.565 GC heap before
{Heap before GC invocations=18 (full 3):
 PSYoungGen      total 216576K, used 213376K [0x00000000d5580000, 0x00000000e4200000, 0x0000000100000000)
  eden space 196096K, 100% used [0x00000000d5580000,0x00000000e1500000,0x00000000e1500000)
  from space 20480K, 84% used [0x00000000e2e00000,0x00000000e3ee0140,0x00000000e4200000)
  to   space 23040K, 0% used [0x00000000e1500000,0x00000000e1500000,0x00000000e2b80000)
 ParOldGen       total 133632K, used 29064K [0x0000000080000000, 0x0000000088280000, 0x00000000d5580000)
  object space 133632K, 21% used [0x0000000080000000,0x0000000081c62328,0x0000000088280000)
 Metaspace       used 80374K, capacity 84356K, committed 84656K, reserved 1122304K
  class space    used 10580K, capacity 11366K, committed 11440K, reserved 1048576K
Event: 2033.660 GC heap after
Heap after GC invocations=18 (full 3):
 PSYoungGen      total 212992K, used 23034K [0x00000000d5580000, 0x00000000e4500000, 0x0000000100000000)
  eden space 189952K, 0% used [0x00000000d5580000,0x00000000d5580000,0x00000000e0f00000)
  from space 23040K, 99% used [0x00000000e1500000,0x00000000e2b7eb50,0x00000000e2b80000)
  to   space 26112K, 0% used [0x00000000e2b80000,0x00000000e2b80000,0x00000000e4500000)
 ParOldGen       total 133632K, used 32670K [0x0000000080000000, 0x0000000088280000, 0x00000000d5580000)
  object space 133632K, 24% used [0x0000000080000000,0x0000000081fe7a48,0x0000000088280000)
 Metaspace       used 80374K, capacity 84356K, committed 84656K, reserved 1122304K
  class space    used 10580K, capacity 11366K, committed 11440K, reserved 1048576K
}
Event: 2038.306 GC heap before
{Heap before GC invocations=19 (full 3):
 PSYoungGen      total 212992K, used 212986K [0x00000000d5580000, 0x00000000e4500000, 0x0000000100000000)
  eden space 189952K, 100% used [0x00000000d5580000,0x00000000e0f00000,0x00000000e0f00000)
  from space 23040K, 99% used [0x00000000e1500000,0x00000000e2b7eb50,0x00000000e2b80000)
  to   space 26112K, 0% used [0x00000000e2b80000,0x00000000e2b80000,0x00000000e4500000)
 ParOldGen       total 133632K, used 32670K [0x0000000080000000, 0x0000000088280000, 0x00000000d5580000)
  object space 133632K, 24% used [0x0000000080000000,0x0000000081fe7a48,0x0000000088280000)
 Metaspace       used 90996K, capacity 95602K, committed 95920K, reserved 1132544K
  class space    used 11926K, capacity 12851K, committed 12976K, reserved 1048576K
Event: 2038.338 GC heap after
Heap after GC invocations=19 (full 3):
 PSYoungGen      total 208896K, used 26095K [0x00000000d5580000, 0x00000000e5000000, 0x0000000100000000)
  eden space 182784K, 0% used [0x00000000d5580000,0x00000000d5580000,0x00000000e0800000)
  from space 26112K, 99% used [0x00000000e2b80000,0x00000000e44fbdb8,0x00000000e4500000)
  to   space 36352K, 0% used [0x00000000e0800000,0x00000000e0800000,0x00000000e2b80000)
 ParOldGen       total 133632K, used 46061K [0x0000000080000000, 0x0000000088280000, 0x00000000d5580000)
  object space 133632K, 34% used [0x0000000080000000,0x0000000082cfb630,0x0000000088280000)
 Metaspace       used 90996K, capacity 95602K, committed 95920K, reserved 1132544K
  class space    used 11926K, capacity 12851K, committed 12976K, reserved 1048576K
}
Event: 2179.735 GC heap before
{Heap before GC invocations=20 (full 3):
 PSYoungGen      total 208896K, used 208879K [0x00000000d5580000, 0x00000000e5000000, 0x0000000100000000)
  eden space 182784K, 100% used [0x00000000d5580000,0x00000000e0800000,0x00000000e0800000)
  from space 26112K, 99% used [0x00000000e2b80000,0x00000000e44fbdb8,0x00000000e4500000)
  to   space 36352K, 0% used [0x00000000e0800000,0x00000000e0800000,0x00000000e2b80000)
 ParOldGen       total 133632K, used 46061K [0x0000000080000000, 0x0000000088280000, 0x00000000d5580000)
  object space 133632K, 34% used [0x0000000080000000,0x0000000082cfb630,0x0000000088280000)
 Metaspace       used 92614K, capacity 97428K, committed 97584K, reserved 1134592K
  class space    used 12044K, capacity 12982K, committed 13104K, reserved 1048576K
Event: 2179.805 GC heap after
Heap after GC invocations=20 (full 3):
 PSYoungGen      total 186880K, used 9595K [0x00000000d5580000, 0x00000000e4680000, 0x0000000100000000)
  eden space 177152K, 0% used [0x00000000d5580000,0x00000000d5580000,0x00000000e0280000)
  from space 9728K, 98% used [0x00000000e0800000,0x00000000e115edf0,0x00000000e1180000)
  to   space 34816K, 0% used [0x00000000e2480000,0x00000000e2480000,0x00000000e4680000)
 ParOldGen       total 133632K, used 67296K [0x0000000080000000, 0x0000000088280000, 0x00000000d5580000)
  object space 133632K, 50% used [0x0000000080000000,0x00000000841b8260,0x0000000088280000)
 Metaspace       used 92614K, capacity 97428K, committed 97584K, reserved 1134592K
  class space    used 12044K, capacity 12982K, committed 13104K, reserved 1048576K
}

