# JRE version: OpenJDK Runtime Environment (8.0_242-b01) (build 1.8.0_242-release-1644-b01)
# Java VM: OpenJDK 64-Bit Server VM (25.242-b01 mixed mode windows-amd64 compressed oops)
Heap:
 PSYoungGen      total 62464K, used 8840K [0x00000000d5580000, 0x00000000d9d80000, 0x0000000100000000)
  eden space 51200K, 2% used [0x00000000d5580000,0x00000000d5694d80,0x00000000d8780000)
  from space 11264K, 68% used [0x00000000d8780000,0x00000000d8f0d638,0x00000000d9280000)
  to   space 7680K, 0% used [0x00000000d9600000,0x00000000d9600000,0x00000000d9d80000)
 ParOldGen       total 61952K, used 9013K [0x0000000080000000, 0x0000000083c80000, 0x00000000d5580000)
  object space 61952K, 14% used [0x0000000080000000,0x00000000808cd750,0x0000000083c80000)
 Metaspace       used 31761K, capacity 32456K, committed 32816K, reserved 1077248K
  class space    used 4321K, capacity 4542K, committed 4656K, reserved 1048576K
GC Heap History (10 events):
Event: 3.956 GC heap after
Heap after GC invocations=5 (full 0):
 PSYoungGen      total 38400K, used 5104K [0x00000000d5580000, 0x00000000daa80000, 0x0000000100000000)
  eden space 33280K, 0% used [0x00000000d5580000,0x00000000d5580000,0x00000000d7600000)
  from space 5120K, 99% used [0x00000000d7600000,0x00000000d7afc030,0x00000000d7b00000)
  to   space 10240K, 0% used [0x00000000da080000,0x00000000da080000,0x00000000daa80000)
 ParOldGen       total 87552K, used 7258K [0x0000000080000000, 0x0000000085580000, 0x00000000d5580000)
  object space 87552K, 8% used [0x0000000080000000,0x0000000080716be0,0x0000000085580000)
 Metaspace       used 18173K, capacity 18710K, committed 18816K, reserved 1064960K
  class space    used 2491K, capacity 2667K, committed 2688K, reserved 1048576K
}
Event: 4.578 GC heap before
{Heap before GC invocations=6 (full 0):
 PSYoungGen      total 38400K, used 37002K [0x00000000d5580000, 0x00000000daa80000, 0x0000000100000000)
  eden space 33280K, 95% used [0x00000000d5580000,0x00000000d74a69e0,0x00000000d7600000)
  from space 5120K, 99% used [0x00000000d7600000,0x00000000d7afc030,0x00000000d7b00000)
  to   space 10240K, 0% used [0x00000000da080000,0x00000000da080000,0x00000000daa80000)
 ParOldGen       total 87552K, used 7258K [0x0000000080000000, 0x0000000085580000, 0x00000000d5580000)
  object space 87552K, 8% used [0x0000000080000000,0x0000000080716be0,0x0000000085580000)
 Metaspace       used 20613K, capacity 21224K, committed 21296K, reserved 1067008K
  class space    used 2883K, capacity 3084K, committed 3120K, reserved 1048576K
Event: 4.590 GC heap after
Heap after GC invocations=6 (full 0):
 PSYoungGen      total 43520K, used 8456K [0x00000000d5580000, 0x00000000daa80000, 0x0000000100000000)
  eden space 33280K, 0% used [0x00000000d5580000,0x00000000d5580000,0x00000000d7600000)
  from space 10240K, 82% used [0x00000000da080000,0x00000000da8c23c0,0x00000000daa80000)
  to   space 5120K, 0% used [0x00000000d7600000,0x00000000d7600000,0x00000000d7b00000)
 ParOldGen       total 87552K, used 7266K [0x0000000080000000, 0x0000000085580000, 0x00000000d5580000)
  object space 87552K, 8% used [0x0000000080000000,0x0000000080718be0,0x0000000085580000)
 Metaspace       used 20613K, capacity 21224K, committed 21296K, reserved 1067008K
  class space    used 2883K, capacity 3084K, committed 3120K, reserved 1048576K
}
Event: 4.590 GC heap before
{Heap before GC invocations=7 (full 1):
 PSYoungGen      total 43520K, used 8456K [0x00000000d5580000, 0x00000000daa80000, 0x0000000100000000)
  eden space 33280K, 0% used [0x00000000d5580000,0x00000000d5580000,0x00000000d7600000)
  from space 10240K, 82% used [0x00000000da080000,0x00000000da8c23c0,0x00000000daa80000)
  to   space 5120K, 0% used [0x00000000d7600000,0x00000000d7600000,0x00000000d7b00000)
 ParOldGen       total 87552K, used 7266K [0x0000000080000000, 0x0000000085580000, 0x00000000d5580000)
  object space 87552K, 8% used [0x0000000080000000,0x0000000080718be0,0x0000000085580000)
 Metaspace       used 20613K, capacity 21224K, committed 21296K, reserved 1067008K
  class space    used 2883K, capacity 3084K, committed 3120K, reserved 1048576K
Event: 4.640 GC heap after
Heap after GC invocations=7 (full 1):
 PSYoungGen      total 43520K, used 0K [0x00000000d5580000, 0x00000000daa80000, 0x0000000100000000)
  eden space 33280K, 0% used [0x00000000d5580000,0x00000000d5580000,0x00000000d7600000)
  from space 10240K, 0% used [0x00000000da080000,0x00000000da080000,0x00000000daa80000)
  to   space 5120K, 0% used [0x00000000d7600000,0x00000000d7600000,0x00000000d7b00000)
 ParOldGen       total 61952K, used 8989K [0x0000000080000000, 0x0000000083c80000, 0x00000000d5580000)
  object space 61952K, 14% used [0x0000000080000000,0x00000000808c7750,0x0000000083c80000)
 Metaspace       used 20613K, capacity 21224K, committed 21296K, reserved 1067008K
  class space    used 2883K, capacity 3084K, committed 3120K, reserved 1048576K
}
Event: 5.284 GC heap before
{Heap before GC invocations=8 (full 1):
 PSYoungGen      total 43520K, used 33280K [0x00000000d5580000, 0x00000000daa80000, 0x0000000100000000)
  eden space 33280K, 100% used [0x00000000d5580000,0x00000000d7600000,0x00000000d7600000)
  from space 10240K, 0% used [0x00000000da080000,0x00000000da080000,0x00000000daa80000)
  to   space 5120K, 0% used [0x00000000d7600000,0x00000000d7600000,0x00000000d7b00000)
 ParOldGen       total 61952K, used 8989K [0x0000000080000000, 0x0000000083c80000, 0x00000000d5580000)
  object space 61952K, 14% used [0x0000000080000000,0x00000000808c7750,0x0000000083c80000)
 Metaspace       used 22810K, capacity 23494K, committed 23728K, reserved 1069056K
  class space    used 3242K, capacity 3479K, committed 3504K, reserved 1048576K
Event: 5.288 GC heap after
Heap after GC invocations=8 (full 1):
 PSYoungGen      total 38400K, used 3023K [0x00000000d5580000, 0x00000000da100000, 0x0000000100000000)
  eden space 33280K, 0% used [0x00000000d5580000,0x00000000d5580000,0x00000000d7600000)
  from space 5120K, 59% used [0x00000000d7600000,0x00000000d78f3d60,0x00000000d7b00000)
  to   space 11264K, 0% used [0x00000000d9600000,0x00000000d9600000,0x00000000da100000)
 ParOldGen       total 61952K, used 8997K [0x0000000080000000, 0x0000000083c80000, 0x00000000d5580000)
  object space 61952K, 14% used [0x0000000080000000,0x00000000808c9750,0x0000000083c80000)
 Metaspace       used 22810K, capacity 23494K, committed 23728K, reserved 1069056K
  class space    used 3242K, capacity 3479K, committed 3504K, reserved 1048576K
}
Event: 5.996 GC heap before
{Heap before GC invocations=9 (full 1):
 PSYoungGen      total 38400K, used 35320K [0x00000000d5580000, 0x00000000da100000, 0x0000000100000000)
  eden space 33280K, 97% used [0x00000000d5580000,0x00000000d750a5a0,0x00000000d7600000)
  from space 5120K, 59% used [0x00000000d7600000,0x00000000d78f3d60,0x00000000d7b00000)
  to   space 11264K, 0% used [0x00000000d9600000,0x00000000d9600000,0x00000000da100000)
 ParOldGen       total 61952K, used 8997K [0x0000000080000000, 0x0000000083c80000, 0x00000000d5580000)
  object space 61952K, 14% used [0x0000000080000000,0x00000000808c9750,0x0000000083c80000)
 Metaspace       used 28277K, capacity 28912K, committed 29232K, reserved 1075200K
  class space    used 3903K, capacity 4127K, committed 4144K, reserved 1048576K
Event: 6.007 GC heap after
Heap after GC invocations=9 (full 1):
 PSYoungGen      total 58880K, used 7007K [0x00000000d5580000, 0x00000000d9d80000, 0x0000000100000000)
  eden space 51200K, 0% used [0x00000000d5580000,0x00000000d5580000,0x00000000d8780000)
  from space 7680K, 91% used [0x00000000d9600000,0x00000000d9cd7fc8,0x00000000d9d80000)
  to   space 11264K, 0% used [0x00000000d8780000,0x00000000d8780000,0x00000000d9280000)
 ParOldGen       total 61952K, used 9005K [0x0000000080000000, 0x0000000083c80000, 0x00000000d5580000)
  object space 61952K, 14% used [0x0000000080000000,0x00000000808cb750,0x0000000083c80000)
 Metaspace       used 28277K, capacity 28912K, committed 29232K, reserved 1075200K
  class space    used 3903K, capacity 4127K, committed 4144K, reserved 1048576K
}
Event: 6.735 GC heap before
{Heap before GC invocations=10 (full 1):
 PSYoungGen      total 58880K, used 58207K [0x00000000d5580000, 0x00000000d9d80000, 0x0000000100000000)
  eden space 51200K, 100% used [0x00000000d5580000,0x00000000d8780000,0x00000000d8780000)
  from space 7680K, 91% used [0x00000000d9600000,0x00000000d9cd7fc8,0x00000000d9d80000)
  to   space 11264K, 0% used [0x00000000d8780000,0x00000000d8780000,0x00000000d9280000)
 ParOldGen       total 61952K, used 9005K [0x0000000080000000, 0x0000000083c80000, 0x00000000d5580000)
  object space 61952K, 14% used [0x0000000080000000,0x00000000808cb750,0x0000000083c80000)
 Metaspace       used 31760K, capacity 32456K, committed 32816K, reserved 1077248K
  class space    used 4321K, capacity 4542K, committed 4656K, reserved 1048576K

