# JRE version: OpenJDK Runtime Environment (8.0_242-b01) (build 1.8.0_242-release-1644-b01)
# Java VM: OpenJDK 64-Bit Server VM (25.242-b01 mixed mode windows-amd64 compressed oops)
Heap:
 PSYoungGen      total 186880K, used 27057K [0x00000000d5580000, 0x00000000e3800000, 0x0000000100000000)
  eden space 167424K, 6% used [0x00000000d5580000,0x00000000d5f82e48,0x00000000df900000)
  from space 19456K, 86% used [0x00000000df900000,0x00000000e0969890,0x00000000e0c00000)
  to   space 18944K, 0% used [0x00000000e0c00000,0x00000000e0c00000,0x00000000e1e80000)
 ParOldGen       total 137216K, used 28548K [0x0000000080000000, 0x0000000088600000, 0x00000000d5580000)
  object space 137216K, 20% used [0x0000000080000000,0x0000000081be1380,0x0000000088600000)
 Metaspace       used 62286K, capacity 65244K, committed 65584K, reserved 1105920K
  class space    used 8601K, capacity 9185K, committed 9264K, reserved 1048576K
GC Heap History (10 events):
Event: 11.594 GC heap before
{Heap before GC invocations=12 (full 2):
 PSYoungGen      total 121344K, used 109056K [0x00000000d5580000, 0x00000000e0600000, 0x0000000100000000)
  eden space 109056K, 100% used [0x00000000d5580000,0x00000000dc000000,0x00000000dc000000)
  from space 12288K, 0% used [0x00000000dc000000,0x00000000dc000000,0x00000000dcc00000)
  to   space 12288K, 0% used [0x00000000dfa00000,0x00000000dfa00000,0x00000000e0600000)
 ParOldGen       total 91648K, used 15437K [0x0000000080000000, 0x0000000085980000, 0x00000000d5580000)
  object space 91648K, 16% used [0x0000000080000000,0x0000000080f136e8,0x0000000085980000)
 Metaspace       used 44328K, capacity 45802K, committed 46128K, reserved 1089536K
  class space    used 6003K, capacity 6363K, committed 6448K, reserved 1048576K
Event: 11.606 GC heap after
Heap after GC invocations=12 (full 2):
 PSYoungGen      total 143872K, used 12265K [0x00000000d5580000, 0x00000000e0600000, 0x0000000100000000)
  eden space 131584K, 0% used [0x00000000d5580000,0x00000000d5580000,0x00000000dd600000)
  from space 12288K, 99% used [0x00000000dfa00000,0x00000000e05fa7d8,0x00000000e0600000)
  to   space 14336K, 0% used [0x00000000dea00000,0x00000000dea00000,0x00000000df800000)
 ParOldGen       total 91648K, used 17275K [0x0000000080000000, 0x0000000085980000, 0x00000000d5580000)
  object space 91648K, 18% used [0x0000000080000000,0x00000000810dee28,0x0000000085980000)
 Metaspace       used 44328K, capacity 45802K, committed 46128K, reserved 1089536K
  class space    used 6003K, capacity 6363K, committed 6448K, reserved 1048576K
}
Event: 14.682 GC heap before
{Heap before GC invocations=13 (full 2):
 PSYoungGen      total 143872K, used 143849K [0x00000000d5580000, 0x00000000e0600000, 0x0000000100000000)
  eden space 131584K, 100% used [0x00000000d5580000,0x00000000dd600000,0x00000000dd600000)
  from space 12288K, 99% used [0x00000000dfa00000,0x00000000e05fa7d8,0x00000000e0600000)
  to   space 14336K, 0% used [0x00000000dea00000,0x00000000dea00000,0x00000000df800000)
 ParOldGen       total 91648K, used 17275K [0x0000000080000000, 0x0000000085980000, 0x00000000d5580000)
  object space 91648K, 18% used [0x0000000080000000,0x00000000810dee28,0x0000000085980000)
 Metaspace       used 55355K, capacity 57270K, committed 57520K, reserved 1099776K
  class space    used 7555K, capacity 8012K, committed 8112K, reserved 1048576K
Event: 14.839 GC heap after
Heap after GC invocations=13 (full 2):
 PSYoungGen      total 166400K, used 14313K [0x00000000d5580000, 0x00000000e1e80000, 0x0000000100000000)
  eden space 152064K, 0% used [0x00000000d5580000,0x00000000d5580000,0x00000000dea00000)
  from space 14336K, 99% used [0x00000000dea00000,0x00000000df7fa758,0x00000000df800000)
  to   space 18944K, 0% used [0x00000000e0c00000,0x00000000e0c00000,0x00000000e1e80000)
 ParOldGen       total 91648K, used 25220K [0x0000000080000000, 0x0000000085980000, 0x00000000d5580000)
  object space 91648K, 27% used [0x0000000080000000,0x00000000818a1050,0x0000000085980000)
 Metaspace       used 55355K, capacity 57270K, committed 57520K, reserved 1099776K
  class space    used 7555K, capacity 8012K, committed 8112K, reserved 1048576K
}
Event: 15.695 GC heap before
{Heap before GC invocations=14 (full 2):
 PSYoungGen      total 166400K, used 37379K [0x00000000d5580000, 0x00000000e1e80000, 0x0000000100000000)
  eden space 152064K, 15% used [0x00000000d5580000,0x00000000d6c06630,0x00000000dea00000)
  from space 14336K, 99% used [0x00000000dea00000,0x00000000df7fa758,0x00000000df800000)
  to   space 18944K, 0% used [0x00000000e0c00000,0x00000000e0c00000,0x00000000e1e80000)
 ParOldGen       total 91648K, used 25220K [0x0000000080000000, 0x0000000085980000, 0x00000000d5580000)
  object space 91648K, 27% used [0x0000000080000000,0x00000000818a1050,0x0000000085980000)
 Metaspace       used 57073K, capacity 59080K, committed 59160K, reserved 1099776K
  class space    used 7834K, capacity 8325K, committed 8368K, reserved 1048576K
Event: 15.712 GC heap after
Heap after GC invocations=14 (full 2):
 PSYoungGen      total 186368K, used 2226K [0x00000000d5580000, 0x00000000e3800000, 0x0000000100000000)
  eden space 167424K, 0% used [0x00000000d5580000,0x00000000d5580000,0x00000000df900000)
  from space 18944K, 11% used [0x00000000e0c00000,0x00000000e0e2c978,0x00000000e1e80000)
  to   space 19456K, 0% used [0x00000000df900000,0x00000000df900000,0x00000000e0c00000)
 ParOldGen       total 91648K, used 32686K [0x0000000080000000, 0x0000000085980000, 0x00000000d5580000)
  object space 91648K, 35% used [0x0000000080000000,0x0000000081febbe8,0x0000000085980000)
 Metaspace       used 57073K, capacity 59080K, committed 59160K, reserved 1099776K
  class space    used 7834K, capacity 8325K, committed 8368K, reserved 1048576K
}
Event: 15.712 GC heap before
{Heap before GC invocations=15 (full 3):
 PSYoungGen      total 186368K, used 2226K [0x00000000d5580000, 0x00000000e3800000, 0x0000000100000000)
  eden space 167424K, 0% used [0x00000000d5580000,0x00000000d5580000,0x00000000df900000)
  from space 18944K, 11% used [0x00000000e0c00000,0x00000000e0e2c978,0x00000000e1e80000)
  to   space 19456K, 0% used [0x00000000df900000,0x00000000df900000,0x00000000e0c00000)
 ParOldGen       total 91648K, used 32686K [0x0000000080000000, 0x0000000085980000, 0x00000000d5580000)
  object space 91648K, 35% used [0x0000000080000000,0x0000000081febbe8,0x0000000085980000)
 Metaspace       used 57073K, capacity 59080K, committed 59160K, reserved 1099776K
  class space    used 7834K, capacity 8325K, committed 8368K, reserved 1048576K
Event: 16.209 GC heap after
Heap after GC invocations=15 (full 3):
 PSYoungGen      total 186368K, used 0K [0x00000000d5580000, 0x00000000e3800000, 0x0000000100000000)
  eden space 167424K, 0% used [0x00000000d5580000,0x00000000d5580000,0x00000000df900000)
  from space 18944K, 0% used [0x00000000e0c00000,0x00000000e0c00000,0x00000000e1e80000)
  to   space 19456K, 0% used [0x00000000df900000,0x00000000df900000,0x00000000e0c00000)
 ParOldGen       total 137216K, used 28540K [0x0000000080000000, 0x0000000088600000, 0x00000000d5580000)
  object space 137216K, 20% used [0x0000000080000000,0x0000000081bdf380,0x0000000088600000)
 Metaspace       used 57043K, capacity 58978K, committed 59160K, reserved 1099776K
  class space    used 7825K, capacity 8308K, committed 8368K, reserved 1048576K
}
Event: 21.135 GC heap before
{Heap before GC invocations=16 (full 3):
 PSYoungGen      total 186368K, used 167424K [0x00000000d5580000, 0x00000000e3800000, 0x0000000100000000)
  eden space 167424K, 100% used [0x00000000d5580000,0x00000000df900000,0x00000000df900000)
  from space 18944K, 0% used [0x00000000e0c00000,0x00000000e0c00000,0x00000000e1e80000)
  to   space 19456K, 0% used [0x00000000df900000,0x00000000df900000,0x00000000e0c00000)
 ParOldGen       total 137216K, used 28540K [0x0000000080000000, 0x0000000088600000, 0x00000000d5580000)
  object space 137216K, 20% used [0x0000000080000000,0x0000000081bdf380,0x0000000088600000)
 Metaspace       used 62272K, capacity 65180K, committed 65328K, reserved 1105920K
  class space    used 8601K, capacity 9185K, committed 9264K, reserved 1048576K
Event: 21.206 GC heap after
Heap after GC invocations=16 (full 3):
 PSYoungGen      total 186880K, used 16806K [0x00000000d5580000, 0x00000000e3800000, 0x0000000100000000)
  eden space 167424K, 0% used [0x00000000d5580000,0x00000000d5580000,0x00000000df900000)
  from space 19456K, 86% used [0x00000000df900000,0x00000000e0969890,0x00000000e0c00000)
  to   space 18944K, 0% used [0x00000000e0c00000,0x00000000e0c00000,0x00000000e1e80000)
 ParOldGen       total 137216K, used 28548K [0x0000000080000000, 0x0000000088600000, 0x00000000d5580000)
  object space 137216K, 20% used [0x0000000080000000,0x0000000081be1380,0x0000000088600000)
 Metaspace       used 62272K, capacity 65180K, committed 65328K, reserved 1105920K
  class space    used 8601K, capacity 9185K, committed 9264K, reserved 1048576K
}

